Performing C SOURCE FILE Test CMAKE_HAVE_LIBC_PTHREAD failed with the following output:
Change Dir: /home/vaishnav/Documents/OS project/cppgit2/build/CMakeFiles/CMakeTmp

Run Build Command(s):/usr/bin/make cmTC_c1df6/fast && /usr/bin/make -f CMakeFiles/cmTC_c1df6.dir/build.make CMakeFiles/cmTC_c1df6.dir/build
make[1]: Entering directory '/home/vaishnav/Documents/OS project/cppgit2/build/CMakeFiles/CMakeTmp'
Building C object CMakeFiles/cmTC_c1df6.dir/src.c.o
/usr/bin/cc   -DCMAKE_HAVE_LIBC_PTHREAD   -o CMakeFiles/cmTC_c1df6.dir/src.c.o   -c "/home/vaishnav/Documents/OS project/cppgit2/build/CMakeFiles/CMakeTmp/src.c"
Linking C executable cmTC_c1df6
/usr/bin/cmake -E cmake_link_script CMakeFiles/cmTC_c1df6.dir/link.txt --verbose=1
/usr/bin/cc  -DCMAKE_HAVE_LIBC_PTHREAD    CMakeFiles/cmTC_c1df6.dir/src.c.o  -o cmTC_c1df6 
/usr/bin/ld: CMakeFiles/cmTC_c1df6.dir/src.c.o: in function `main':
src.c:(.text+0x46): undefined reference to `pthread_create'
/usr/bin/ld: src.c:(.text+0x52): undefined reference to `pthread_detach'
/usr/bin/ld: src.c:(.text+0x63): undefined reference to `pthread_join'
collect2: error: ld returned 1 exit status
make[1]: *** [CMakeFiles/cmTC_c1df6.dir/build.make:87: cmTC_c1df6] Error 1
make[1]: Leaving directory '/home/vaishnav/Documents/OS project/cppgit2/build/CMakeFiles/CMakeTmp'
make: *** [Makefile:121: cmTC_c1df6/fast] Error 2


Source file was:
#include <pthread.h>

void* test_func(void* data)
{
  return data;
}

int main(void)
{
  pthread_t thread;
  pthread_create(&thread, NULL, test_func, NULL);
  pthread_detach(thread);
  pthread_join(thread, NULL);
  pthread_atfork(NULL, NULL, NULL);
  pthread_exit(NULL);

  return 0;
}

Determining if the function pthread_create exists in the pthreads failed with the following output:
Change Dir: /home/vaishnav/Documents/OS project/cppgit2/build/CMakeFiles/CMakeTmp

Run Build Command(s):/usr/bin/make cmTC_9639b/fast && /usr/bin/make -f CMakeFiles/cmTC_9639b.dir/build.make CMakeFiles/cmTC_9639b.dir/build
make[1]: Entering directory '/home/vaishnav/Documents/OS project/cppgit2/build/CMakeFiles/CMakeTmp'
Building C object CMakeFiles/cmTC_9639b.dir/CheckFunctionExists.c.o
/usr/bin/cc   -DCHECK_FUNCTION_EXISTS=pthread_create   -o CMakeFiles/cmTC_9639b.dir/CheckFunctionExists.c.o   -c /usr/share/cmake-3.16/Modules/CheckFunctionExists.c
Linking C executable cmTC_9639b
/usr/bin/cmake -E cmake_link_script CMakeFiles/cmTC_9639b.dir/link.txt --verbose=1
/usr/bin/cc  -DCHECK_FUNCTION_EXISTS=pthread_create    CMakeFiles/cmTC_9639b.dir/CheckFunctionExists.c.o  -o cmTC_9639b  -lpthreads 
/usr/bin/ld: cannot find -lpthreads
collect2: error: ld returned 1 exit status
make[1]: *** [CMakeFiles/cmTC_9639b.dir/build.make:87: cmTC_9639b] Error 1
make[1]: Leaving directory '/home/vaishnav/Documents/OS project/cppgit2/build/CMakeFiles/CMakeTmp'
make: *** [Makefile:121: cmTC_9639b/fast] Error 2



Performing C SOURCE FILE Test HAVE_STRUCT_STAT_ST_MTIMESPEC failed with the following output:
Change Dir: /home/vaishnav/Documents/OS project/cppgit2/build/CMakeFiles/CMakeTmp

Run Build Command(s):/usr/bin/make cmTC_0766d/fast && /usr/bin/make -f CMakeFiles/cmTC_0766d.dir/build.make CMakeFiles/cmTC_0766d.dir/build
make[1]: Entering directory '/home/vaishnav/Documents/OS project/cppgit2/build/CMakeFiles/CMakeTmp'
Building C object CMakeFiles/cmTC_0766d.dir/src.c.o
/usr/bin/cc   -DHAVE_STRUCT_STAT_ST_MTIMESPEC   -o CMakeFiles/cmTC_0766d.dir/src.c.o   -c "/home/vaishnav/Documents/OS project/cppgit2/build/CMakeFiles/CMakeTmp/src.c"
/home/vaishnav/Documents/OS project/cppgit2/build/CMakeFiles/CMakeTmp/src.c: In function ‘main’:
/home/vaishnav/Documents/OS project/cppgit2/build/CMakeFiles/CMakeTmp/src.c:7:34: error: ‘struct stat’ has no member named ‘st_mtimespec’
    7 |   (void)sizeof(((struct stat *)0)->st_mtimespec);
      |                                  ^~
make[1]: *** [CMakeFiles/cmTC_0766d.dir/build.make:66: CMakeFiles/cmTC_0766d.dir/src.c.o] Error 1
make[1]: Leaving directory '/home/vaishnav/Documents/OS project/cppgit2/build/CMakeFiles/CMakeTmp'
make: *** [Makefile:121: cmTC_0766d/fast] Error 2


Source file was:

#include <sys/types.h>
#include <sys/stat.h>

int main()
{
  (void)sizeof(((struct stat *)0)->st_mtimespec);
  return 0;
}

Performing C SOURCE FILE Test HAVE_STRUCT_STAT_MTIME_NSEC failed with the following output:
Change Dir: /home/vaishnav/Documents/OS project/cppgit2/build/CMakeFiles/CMakeTmp

Run Build Command(s):/usr/bin/make cmTC_ef034/fast && /usr/bin/make -f CMakeFiles/cmTC_ef034.dir/build.make CMakeFiles/cmTC_ef034.dir/build
make[1]: Entering directory '/home/vaishnav/Documents/OS project/cppgit2/build/CMakeFiles/CMakeTmp'
Building C object CMakeFiles/cmTC_ef034.dir/src.c.o
/usr/bin/cc   -DHAVE_STRUCT_STAT_MTIME_NSEC   -o CMakeFiles/cmTC_ef034.dir/src.c.o   -c "/home/vaishnav/Documents/OS project/cppgit2/build/CMakeFiles/CMakeTmp/src.c"
/home/vaishnav/Documents/OS project/cppgit2/build/CMakeFiles/CMakeTmp/src.c: In function ‘main’:
/home/vaishnav/Documents/OS project/cppgit2/build/CMakeFiles/CMakeTmp/src.c:6:34: error: ‘struct stat’ has no member named ‘st_mtime_nsec’
    6 |   (void)sizeof(((struct stat *)0)->st_mtime_nsec);
      |                                  ^~
make[1]: *** [CMakeFiles/cmTC_ef034.dir/build.make:66: CMakeFiles/cmTC_ef034.dir/src.c.o] Error 1
make[1]: Leaving directory '/home/vaishnav/Documents/OS project/cppgit2/build/CMakeFiles/CMakeTmp'
make: *** [Makefile:121: cmTC_ef034/fast] Error 2


Source file was:

#include <sys/stat.h>

int main()
{
  (void)sizeof(((struct stat *)0)->st_mtime_nsec);
  return 0;
}

Performing C SOURCE FILE Test IS_WDOCUMENTATION_SUPPORTED failed with the following output:
Change Dir: /home/vaishnav/Documents/OS project/cppgit2/build/CMakeFiles/CMakeTmp

Run Build Command(s):/usr/bin/make cmTC_1c412/fast && /usr/bin/make -f CMakeFiles/cmTC_1c412.dir/build.make CMakeFiles/cmTC_1c412.dir/build
make[1]: Entering directory '/home/vaishnav/Documents/OS project/cppgit2/build/CMakeFiles/CMakeTmp'
Building C object CMakeFiles/cmTC_1c412.dir/src.c.o
/usr/bin/cc   -D_GNU_SOURCE  -Wall -Wextra -fvisibility=hidden -fPIC -DIS_WDOCUMENTATION_SUPPORTED   -Wdocumentation -o CMakeFiles/cmTC_1c412.dir/src.c.o   -c "/home/vaishnav/Documents/OS project/cppgit2/build/CMakeFiles/CMakeTmp/src.c"
cc: error: unrecognized command line option '-Wdocumentation'
make[1]: *** [CMakeFiles/cmTC_1c412.dir/build.make:66: CMakeFiles/cmTC_1c412.dir/src.c.o] Error 1
make[1]: Leaving directory '/home/vaishnav/Documents/OS project/cppgit2/build/CMakeFiles/CMakeTmp'
make: *** [Makefile:121: cmTC_1c412/fast] Error 2


Source file was:
int main(void) { return 0; }
Determining if the prototype qsort_r exists for HAVE_QSORT_R_BSD failed with the following output:
Change Dir: /home/vaishnav/Documents/OS project/cppgit2/build/CMakeFiles/CMakeTmp

Run Build Command(s):/usr/bin/make cmTC_52451/fast && /usr/bin/make -f CMakeFiles/cmTC_52451.dir/build.make CMakeFiles/cmTC_52451.dir/build
make[1]: Entering directory '/home/vaishnav/Documents/OS project/cppgit2/build/CMakeFiles/CMakeTmp'
Building C object CMakeFiles/cmTC_52451.dir/CheckPrototypeDefinition.c.o
/usr/bin/cc   -D_GNU_SOURCE  -Wall -Wextra -fvisibility=hidden -fPIC -Wno-missing-field-initializers -Wstrict-aliasing -Wstrict-prototypes -Wdeclaration-after-statement -Wshift-count-overflow -Wunused-const-variable -Wunused-function -Wint-conversion -Wformat -Wformat-security    -o CMakeFiles/cmTC_52451.dir/CheckPrototypeDefinition.c.o   -c "/home/vaishnav/Documents/OS project/cppgit2/build/CMakeFiles/CMakeTmp/CheckPrototypeDefinition.c"
/home/vaishnav/Documents/OS project/cppgit2/build/CMakeFiles/CMakeTmp/CheckPrototypeDefinition.c:14:6: error: conflicting types for ‘qsort_r’
   14 | void qsort_r(void *base, size_t nmemb, size_t size, void *thunk, int (*compar)(void *, const void *, const void *)) {
      |      ^~~~~~~
In file included from /home/vaishnav/Documents/OS project/cppgit2/build/CMakeFiles/CMakeTmp/CheckPrototypeDefinition.c:1:
/usr/include/stdlib.h:833:13: note: previous declaration of ‘qsort_r’ was here
  833 | extern void qsort_r (void *__base, size_t __nmemb, size_t __size,
      |             ^~~~~~~
/home/vaishnav/Documents/OS project/cppgit2/build/CMakeFiles/CMakeTmp/CheckPrototypeDefinition.c: In function ‘qsort_r’:
/home/vaishnav/Documents/OS project/cppgit2/build/CMakeFiles/CMakeTmp/CheckPrototypeDefinition.c:14:20: warning: unused parameter ‘base’ [-Wunused-parameter]
   14 | void qsort_r(void *base, size_t nmemb, size_t size, void *thunk, int (*compar)(void *, const void *, const void *)) {
      |              ~~~~~~^~~~
/home/vaishnav/Documents/OS project/cppgit2/build/CMakeFiles/CMakeTmp/CheckPrototypeDefinition.c:14:33: warning: unused parameter ‘nmemb’ [-Wunused-parameter]
   14 | void qsort_r(void *base, size_t nmemb, size_t size, void *thunk, int (*compar)(void *, const void *, const void *)) {
      |                          ~~~~~~~^~~~~
/home/vaishnav/Documents/OS project/cppgit2/build/CMakeFiles/CMakeTmp/CheckPrototypeDefinition.c:14:47: warning: unused parameter ‘size’ [-Wunused-parameter]
   14 | void qsort_r(void *base, size_t nmemb, size_t size, void *thunk, int (*compar)(void *, const void *, const void *)) {
      |                                        ~~~~~~~^~~~
/home/vaishnav/Documents/OS project/cppgit2/build/CMakeFiles/CMakeTmp/CheckPrototypeDefinition.c:14:59: warning: unused parameter ‘thunk’ [-Wunused-parameter]
   14 | void qsort_r(void *base, size_t nmemb, size_t size, void *thunk, int (*compar)(void *, const void *, const void *)) {
      |                                                     ~~~~~~^~~~~
/home/vaishnav/Documents/OS project/cppgit2/build/CMakeFiles/CMakeTmp/CheckPrototypeDefinition.c:14:72: warning: unused parameter ‘compar’ [-Wunused-parameter]
   14 | void qsort_r(void *base, size_t nmemb, size_t size, void *thunk, int (*compar)(void *, const void *, const void *)) {
      |                                                                  ~~~~~~^~~~~~~~~~~~~~~~~~~~~~~~~~~~~~~~~~~~~~~~~~~
make[1]: *** [CMakeFiles/cmTC_52451.dir/build.make:66: CMakeFiles/cmTC_52451.dir/CheckPrototypeDefinition.c.o] Error 1
make[1]: Leaving directory '/home/vaishnav/Documents/OS project/cppgit2/build/CMakeFiles/CMakeTmp'
make: *** [Makefile:121: cmTC_52451/fast] Error 2



#include <stdlib.h>


static void cmakeRequireSymbol(int dummy, ...) {
  (void) dummy;
}

static void checkSymbol(void) {
#ifndef qsort_r
  cmakeRequireSymbol(0, &qsort_r);
#endif
}

void qsort_r(void *base, size_t nmemb, size_t size, void *thunk, int (*compar)(void *, const void *, const void *)) {
  return ;
}

#ifdef __CLASSIC_C__
int main() {
  int ac;
  char*av[];
#else
int main(int ac, char *av[]) {
#endif
  checkSymbol();
  if (ac > 1000) {
    return *av[0];
  }
  return 0;
}


Determining if the function qsort_s exists failed with the following output:
Change Dir: /home/vaishnav/Documents/OS project/cppgit2/build/CMakeFiles/CMakeTmp

Run Build Command(s):/usr/bin/make cmTC_a6b00/fast && /usr/bin/make -f CMakeFiles/cmTC_a6b00.dir/build.make CMakeFiles/cmTC_a6b00.dir/build
make[1]: Entering directory '/home/vaishnav/Documents/OS project/cppgit2/build/CMakeFiles/CMakeTmp'
Building C object CMakeFiles/cmTC_a6b00.dir/CheckFunctionExists.c.o
/usr/bin/cc   -D_GNU_SOURCE  -Wall -Wextra -fvisibility=hidden -fPIC -Wno-missing-field-initializers -Wstrict-aliasing -Wstrict-prototypes -Wdeclaration-after-statement -Wshift-count-overflow -Wunused-const-variable -Wunused-function -Wint-conversion -Wformat -Wformat-security -DCHECK_FUNCTION_EXISTS=qsort_s   -o CMakeFiles/cmTC_a6b00.dir/CheckFunctionExists.c.o   -c /usr/share/cmake-3.16/Modules/CheckFunctionExists.c
Linking C executable cmTC_a6b00
/usr/bin/cmake -E cmake_link_script CMakeFiles/cmTC_a6b00.dir/link.txt --verbose=1
/usr/bin/cc -D_GNU_SOURCE  -Wall -Wextra -fvisibility=hidden -fPIC -Wno-missing-field-initializers -Wstrict-aliasing -Wstrict-prototypes -Wdeclaration-after-statement -Wshift-count-overflow -Wunused-const-variable -Wunused-function -Wint-conversion -Wformat -Wformat-security -DCHECK_FUNCTION_EXISTS=qsort_s    CMakeFiles/cmTC_a6b00.dir/CheckFunctionExists.c.o  -o cmTC_a6b00 
/usr/bin/ld: CMakeFiles/cmTC_a6b00.dir/CheckFunctionExists.c.o: in function `main':
CheckFunctionExists.c:(.text+0x14): undefined reference to `qsort_s'
collect2: error: ld returned 1 exit status
make[1]: *** [CMakeFiles/cmTC_a6b00.dir/build.make:87: cmTC_a6b00] Error 1
make[1]: Leaving directory '/home/vaishnav/Documents/OS project/cppgit2/build/CMakeFiles/CMakeTmp'
make: *** [Makefile:121: cmTC_a6b00/fast] Error 2



Determining if the prototype qsort_r exists for HAVE_QSORT_R_BSD failed with the following output:
Change Dir: /home/vaishnav/Documents/OS project/cppgit2/build/CMakeFiles/CMakeTmp

Run Build Command(s):/usr/bin/make cmTC_78f56/fast && /usr/bin/make -f CMakeFiles/cmTC_78f56.dir/build.make CMakeFiles/cmTC_78f56.dir/build
make[1]: Entering directory '/home/vaishnav/Documents/OS project/cppgit2/build/CMakeFiles/CMakeTmp'
Building C object CMakeFiles/cmTC_78f56.dir/CheckPrototypeDefinition.c.o
/usr/bin/cc   -D_GNU_SOURCE  -Wall -Wextra -fvisibility=hidden -fPIC -Wno-missing-field-initializers -Wstrict-aliasing -Wstrict-prototypes -Wdeclaration-after-statement -Wshift-count-overflow -Wunused-const-variable -Wunused-function -Wint-conversion -Wformat -Wformat-security    -o CMakeFiles/cmTC_78f56.dir/CheckPrototypeDefinition.c.o   -c "/home/vaishnav/Documents/OS project/cppgit2/build/CMakeFiles/CMakeTmp/CheckPrototypeDefinition.c"
/home/vaishnav/Documents/OS project/cppgit2/build/CMakeFiles/CMakeTmp/CheckPrototypeDefinition.c:14:6: error: conflicting types for ‘qsort_r’
   14 | void qsort_r(void *base, size_t nmemb, size_t size, void *thunk, int (*compar)(void *, const void *, const void *)) {
      |      ^~~~~~~
In file included from /home/vaishnav/Documents/OS project/cppgit2/build/CMakeFiles/CMakeTmp/CheckPrototypeDefinition.c:1:
/usr/include/stdlib.h:833:13: note: previous declaration of ‘qsort_r’ was here
  833 | extern void qsort_r (void *__base, size_t __nmemb, size_t __size,
      |             ^~~~~~~
/home/vaishnav/Documents/OS project/cppgit2/build/CMakeFiles/CMakeTmp/CheckPrototypeDefinition.c: In function ‘qsort_r’:
/home/vaishnav/Documents/OS project/cppgit2/build/CMakeFiles/CMakeTmp/CheckPrototypeDefinition.c:14:20: warning: unused parameter ‘base’ [-Wunused-parameter]
   14 | void qsort_r(void *base, size_t nmemb, size_t size, void *thunk, int (*compar)(void *, const void *, const void *)) {
      |              ~~~~~~^~~~
/home/vaishnav/Documents/OS project/cppgit2/build/CMakeFiles/CMakeTmp/CheckPrototypeDefinition.c:14:33: warning: unused parameter ‘nmemb’ [-Wunused-parameter]
   14 | void qsort_r(void *base, size_t nmemb, size_t size, void *thunk, int (*compar)(void *, const void *, const void *)) {
      |                          ~~~~~~~^~~~~
/home/vaishnav/Documents/OS project/cppgit2/build/CMakeFiles/CMakeTmp/CheckPrototypeDefinition.c:14:47: warning: unused parameter ‘size’ [-Wunused-parameter]
   14 | void qsort_r(void *base, size_t nmemb, size_t size, void *thunk, int (*compar)(void *, const void *, const void *)) {
      |                                        ~~~~~~~^~~~
/home/vaishnav/Documents/OS project/cppgit2/build/CMakeFiles/CMakeTmp/CheckPrototypeDefinition.c:14:59: warning: unused parameter ‘thunk’ [-Wunused-parameter]
   14 | void qsort_r(void *base, size_t nmemb, size_t size, void *thunk, int (*compar)(void *, const void *, const void *)) {
      |                                                     ~~~~~~^~~~~
/home/vaishnav/Documents/OS project/cppgit2/build/CMakeFiles/CMakeTmp/CheckPrototypeDefinition.c:14:72: warning: unused parameter ‘compar’ [-Wunused-parameter]
   14 | void qsort_r(void *base, size_t nmemb, size_t size, void *thunk, int (*compar)(void *, const void *, const void *)) {
      |                                                                  ~~~~~~^~~~~~~~~~~~~~~~~~~~~~~~~~~~~~~~~~~~~~~~~~~
make[1]: *** [CMakeFiles/cmTC_78f56.dir/build.make:66: CMakeFiles/cmTC_78f56.dir/CheckPrototypeDefinition.c.o] Error 1
make[1]: Leaving directory '/home/vaishnav/Documents/OS project/cppgit2/build/CMakeFiles/CMakeTmp'
make: *** [Makefile:121: cmTC_78f56/fast] Error 2



#include <stdlib.h>


static void cmakeRequireSymbol(int dummy, ...) {
  (void) dummy;
}

static void checkSymbol(void) {
#ifndef qsort_r
  cmakeRequireSymbol(0, &qsort_r);
#endif
}

void qsort_r(void *base, size_t nmemb, size_t size, void *thunk, int (*compar)(void *, const void *, const void *)) {
  return ;
}

#ifdef __CLASSIC_C__
int main() {
  int ac;
  char*av[];
#else
int main(int ac, char *av[]) {
#endif
  checkSymbol();
  if (ac > 1000) {
    return *av[0];
  }
  return 0;
}


Determining if the prototype qsort_r exists for HAVE_QSORT_R_BSD failed with the following output:
Change Dir: /home/vaishnav/Documents/OS project/cppgit2/build/CMakeFiles/CMakeTmp

Run Build Command(s):/usr/bin/make cmTC_80e5b/fast && /usr/bin/make -f CMakeFiles/cmTC_80e5b.dir/build.make CMakeFiles/cmTC_80e5b.dir/build
make[1]: Entering directory '/home/vaishnav/Documents/OS project/cppgit2/build/CMakeFiles/CMakeTmp'
Building C object CMakeFiles/cmTC_80e5b.dir/CheckPrototypeDefinition.c.o
/usr/bin/cc   -D_GNU_SOURCE  -Wall -Wextra -fvisibility=hidden -fPIC -Wno-missing-field-initializers -Wstrict-aliasing -Wstrict-prototypes -Wdeclaration-after-statement -Wshift-count-overflow -Wunused-const-variable -Wunused-function -Wint-conversion -Wformat -Wformat-security    -o CMakeFiles/cmTC_80e5b.dir/CheckPrototypeDefinition.c.o   -c "/home/vaishnav/Documents/OS project/cppgit2/build/CMakeFiles/CMakeTmp/CheckPrototypeDefinition.c"
/home/vaishnav/Documents/OS project/cppgit2/build/CMakeFiles/CMakeTmp/CheckPrototypeDefinition.c:14:6: error: conflicting types for ‘qsort_r’
   14 | void qsort_r(void *base, size_t nmemb, size_t size, void *thunk, int (*compar)(void *, const void *, const void *)) {
      |      ^~~~~~~
In file included from /home/vaishnav/Documents/OS project/cppgit2/build/CMakeFiles/CMakeTmp/CheckPrototypeDefinition.c:1:
/usr/include/stdlib.h:833:13: note: previous declaration of ‘qsort_r’ was here
  833 | extern void qsort_r (void *__base, size_t __nmemb, size_t __size,
      |             ^~~~~~~
/home/vaishnav/Documents/OS project/cppgit2/build/CMakeFiles/CMakeTmp/CheckPrototypeDefinition.c: In function ‘qsort_r’:
/home/vaishnav/Documents/OS project/cppgit2/build/CMakeFiles/CMakeTmp/CheckPrototypeDefinition.c:14:20: warning: unused parameter ‘base’ [-Wunused-parameter]
   14 | void qsort_r(void *base, size_t nmemb, size_t size, void *thunk, int (*compar)(void *, const void *, const void *)) {
      |              ~~~~~~^~~~
/home/vaishnav/Documents/OS project/cppgit2/build/CMakeFiles/CMakeTmp/CheckPrototypeDefinition.c:14:33: warning: unused parameter ‘nmemb’ [-Wunused-parameter]
   14 | void qsort_r(void *base, size_t nmemb, size_t size, void *thunk, int (*compar)(void *, const void *, const void *)) {
      |                          ~~~~~~~^~~~~
/home/vaishnav/Documents/OS project/cppgit2/build/CMakeFiles/CMakeTmp/CheckPrototypeDefinition.c:14:47: warning: unused parameter ‘size’ [-Wunused-parameter]
   14 | void qsort_r(void *base, size_t nmemb, size_t size, void *thunk, int (*compar)(void *, const void *, const void *)) {
      |                                        ~~~~~~~^~~~
/home/vaishnav/Documents/OS project/cppgit2/build/CMakeFiles/CMakeTmp/CheckPrototypeDefinition.c:14:59: warning: unused parameter ‘thunk’ [-Wunused-parameter]
   14 | void qsort_r(void *base, size_t nmemb, size_t size, void *thunk, int (*compar)(void *, const void *, const void *)) {
      |                                                     ~~~~~~^~~~~
/home/vaishnav/Documents/OS project/cppgit2/build/CMakeFiles/CMakeTmp/CheckPrototypeDefinition.c:14:72: warning: unused parameter ‘compar’ [-Wunused-parameter]
   14 | void qsort_r(void *base, size_t nmemb, size_t size, void *thunk, int (*compar)(void *, const void *, const void *)) {
      |                                                                  ~~~~~~^~~~~~~~~~~~~~~~~~~~~~~~~~~~~~~~~~~~~~~~~~~
make[1]: *** [CMakeFiles/cmTC_80e5b.dir/build.make:66: CMakeFiles/cmTC_80e5b.dir/CheckPrototypeDefinition.c.o] Error 1
make[1]: Leaving directory '/home/vaishnav/Documents/OS project/cppgit2/build/CMakeFiles/CMakeTmp'
make: *** [Makefile:121: cmTC_80e5b/fast] Error 2



#include <stdlib.h>


static void cmakeRequireSymbol(int dummy, ...) {
  (void) dummy;
}

static void checkSymbol(void) {
#ifndef qsort_r
  cmakeRequireSymbol(0, &qsort_r);
#endif
}

void qsort_r(void *base, size_t nmemb, size_t size, void *thunk, int (*compar)(void *, const void *, const void *)) {
  return ;
}

#ifdef __CLASSIC_C__
int main() {
  int ac;
  char*av[];
#else
int main(int ac, char *av[]) {
#endif
  checkSymbol();
  if (ac > 1000) {
    return *av[0];
  }
  return 0;
}


Determining if the regcomp_l exist failed with the following output:
Change Dir: /home/vaishnav/Documents/OS project/cppgit2/build/CMakeFiles/CMakeTmp

Run Build Command(s):/usr/bin/make cmTC_e70f7/fast && /usr/bin/make -f CMakeFiles/cmTC_e70f7.dir/build.make CMakeFiles/cmTC_e70f7.dir/build
make[1]: Entering directory '/home/vaishnav/Documents/OS project/cppgit2/build/CMakeFiles/CMakeTmp'
Building C object CMakeFiles/cmTC_e70f7.dir/CheckSymbolExists.c.o
/usr/bin/cc   -D_GNU_SOURCE  -Wall -Wextra -fvisibility=hidden -fPIC -Wno-missing-field-initializers -Wstrict-aliasing -Wstrict-prototypes -Wdeclaration-after-statement -Wshift-count-overflow -Wunused-const-variable -Wunused-function -Wint-conversion -Wformat -Wformat-security    -o CMakeFiles/cmTC_e70f7.dir/CheckSymbolExists.c.o   -c "/home/vaishnav/Documents/OS project/cppgit2/build/CMakeFiles/CMakeTmp/CheckSymbolExists.c"
/home/vaishnav/Documents/OS project/cppgit2/build/CMakeFiles/CMakeTmp/CheckSymbolExists.c:3:10: fatal error: xlocale.h: No such file or directory
    3 | #include <xlocale.h>
      |          ^~~~~~~~~~~
compilation terminated.
make[1]: *** [CMakeFiles/cmTC_e70f7.dir/build.make:66: CMakeFiles/cmTC_e70f7.dir/CheckSymbolExists.c.o] Error 1
make[1]: Leaving directory '/home/vaishnav/Documents/OS project/cppgit2/build/CMakeFiles/CMakeTmp'
make: *** [Makefile:121: cmTC_e70f7/fast] Error 2


File /home/vaishnav/Documents/OS project/cppgit2/build/CMakeFiles/CMakeTmp/CheckSymbolExists.c:
/* */
#include <regex.h>
#include <xlocale.h>

int main(int argc, char** argv)
{
  (void)argv;
#ifndef regcomp_l
  return ((int*)(&regcomp_l))[argc];
#else
  (void)argc;
  return 0;
#endif
}
Determining if the include file windows.h exists failed with the following output:
Change Dir: /home/vaishnav/Documents/OS project/cppgit2/build/CMakeFiles/CMakeTmp

Run Build Command(s):/usr/bin/make cmTC_bd628/fast && /usr/bin/make -f CMakeFiles/cmTC_bd628.dir/build.make CMakeFiles/cmTC_bd628.dir/build
make[1]: Entering directory '/home/vaishnav/Documents/OS project/cppgit2/build/CMakeFiles/CMakeTmp'
Building C object CMakeFiles/cmTC_bd628.dir/CheckIncludeFile.c.o
/usr/bin/cc   -D_GNU_SOURCE  -Wall -Wextra -fvisibility=hidden -fPIC -Wno-missing-field-initializers -Wstrict-aliasing -Wstrict-prototypes -Wdeclaration-after-statement -Wshift-count-overflow -Wunused-const-variable -Wunused-function -Wint-conversion -Wformat -Wformat-security    -o CMakeFiles/cmTC_bd628.dir/CheckIncludeFile.c.o   -c "/home/vaishnav/Documents/OS project/cppgit2/build/CMakeFiles/CMakeTmp/CheckIncludeFile.c"
/home/vaishnav/Documents/OS project/cppgit2/build/CMakeFiles/CMakeTmp/CheckIncludeFile.c:1:10: fatal error: windows.h: No such file or directory
    1 | #include <windows.h>
      |          ^~~~~~~~~~~
compilation terminated.
make[1]: *** [CMakeFiles/cmTC_bd628.dir/build.make:66: CMakeFiles/cmTC_bd628.dir/CheckIncludeFile.c.o] Error 1
make[1]: Leaving directory '/home/vaishnav/Documents/OS project/cppgit2/build/CMakeFiles/CMakeTmp'
make: *** [Makefile:121: cmTC_bd628/fast] Error 2



Determining if the function _strtoi64 exists failed with the following output:
Change Dir: /home/vaishnav/Documents/OS project/cppgit2/build/CMakeFiles/CMakeTmp

Run Build Command(s):/usr/bin/make cmTC_99885/fast && /usr/bin/make -f CMakeFiles/cmTC_99885.dir/build.make CMakeFiles/cmTC_99885.dir/build
make[1]: Entering directory '/home/vaishnav/Documents/OS project/cppgit2/build/CMakeFiles/CMakeTmp'
Building C object CMakeFiles/cmTC_99885.dir/CheckFunctionExists.c.o
/usr/bin/cc   -D_GNU_SOURCE  -Wall -Wextra -fvisibility=hidden -fPIC -Wno-missing-field-initializers -Wstrict-aliasing -Wstrict-prototypes -Wdeclaration-after-statement -Wshift-count-overflow -Wunused-const-variable -Wunused-function -Wint-conversion -Wformat -Wformat-security -DCHECK_FUNCTION_EXISTS=_strtoi64   -o CMakeFiles/cmTC_99885.dir/CheckFunctionExists.c.o   -c /usr/share/cmake-3.16/Modules/CheckFunctionExists.c
Linking C executable cmTC_99885
/usr/bin/cmake -E cmake_link_script CMakeFiles/cmTC_99885.dir/link.txt --verbose=1
/usr/bin/cc -D_GNU_SOURCE  -Wall -Wextra -fvisibility=hidden -fPIC -Wno-missing-field-initializers -Wstrict-aliasing -Wstrict-prototypes -Wdeclaration-after-statement -Wshift-count-overflow -Wunused-const-variable -Wunused-function -Wint-conversion -Wformat -Wformat-security -DCHECK_FUNCTION_EXISTS=_strtoi64    CMakeFiles/cmTC_99885.dir/CheckFunctionExists.c.o  -o cmTC_99885 
/usr/bin/ld: CMakeFiles/cmTC_99885.dir/CheckFunctionExists.c.o: in function `main':
CheckFunctionExists.c:(.text+0x14): undefined reference to `_strtoi64'
collect2: error: ld returned 1 exit status
make[1]: *** [CMakeFiles/cmTC_99885.dir/build.make:87: cmTC_99885] Error 1
make[1]: Leaving directory '/home/vaishnav/Documents/OS project/cppgit2/build/CMakeFiles/CMakeTmp'
make: *** [Makefile:121: cmTC_99885/fast] Error 2



